<?xml version="1.0"?>
<!--Phoronix Test Suite v10.8.3-->
<PhoronixTestSuite>
  <TestInformation>
    <Title>Stress-NG</Title>
    <AppVersion>0.14</AppVersion>
    <Description>Stress-NG is a Linux stress tool developed by Colin King of Canonical.</Description>
    <Executable>stress-ng</Executable>
    <TimesToRun>1</TimesToRun>
  </TestInformation>
  <TestProfile>
    <Version>1.5.1</Version>
    <SupportedPlatforms>Linux, BSD, MacOSX</SupportedPlatforms>
    <SoftwareType>Benchmark</SoftwareType>
    <TestType>System</TestType>
    <License>Free</License>
    <Status>Verified</Status>
    <ExternalDependencies>build-utilities, attr</ExternalDependencies>
    <EnvironmentSize>18</EnvironmentSize>
    <ProjectURL>https://github.com/ColinIanKing/stress-ng/</ProjectURL>
    <RepositoryURL>https://github.com/ColinIanKing/stress-ng</RepositoryURL>
    <Maintainer>Michael Larabel</Maintainer>
    <SystemDependencies>sys/apparmor.h</SystemDependencies>
  </TestProfile>
  <TestSettings>
    <Default>
      <Arguments>--matrix $((THREADS_FOR_BENCHMARK)) -t $((TIME_FOR_BENCHMARK)) --perf</Arguments>
    </Default>
  </TestSettings>
</PhoronixTestSuite>
